<?xml version="1.0" encoding="UTF-8"?>
<testsuite xmlns:xsi="http://www.w3.org/2001/XMLSchema-instance" xsi:noNamespaceSchemaLocation="https://maven.apache.org/surefire/maven-surefire-plugin/xsd/surefire-test-report.xsd" name="DispatcherServletTest" time="0.023" tests="5" errors="2" skipped="0" failures="1">
  <properties>
    <property name="java.specification.version" value="14"/>
    <property name="sun.jnu.encoding" value="UTF-8"/>
    <property name="java.class.path" value="/home/m2eserv/philippot/Desktop/IFI/tp-handcraft/target/test-classes:/home/m2eserv/philippot/Desktop/IFI/tp-handcraft/target/classes:/home/m2eserv/philippot/.m2/repository/javax/servlet/javax.servlet-api/3.1.0/javax.servlet-api-3.1.0.jar:/home/m2eserv/philippot/.m2/repository/org/apache/struts/struts-tiles/1.3.8/struts-tiles-1.3.8.jar:/home/m2eserv/philippot/.m2/repository/org/apache/struts/struts-core/1.3.8/struts-core-1.3.8.jar:/home/m2eserv/philippot/.m2/repository/antlr/antlr/2.7.2/antlr-2.7.2.jar:/home/m2eserv/philippot/.m2/repository/commons-beanutils/commons-beanutils/1.7.0/commons-beanutils-1.7.0.jar:/home/m2eserv/philippot/.m2/repository/commons-chain/commons-chain/1.1/commons-chain-1.1.jar:/home/m2eserv/philippot/.m2/repository/commons-digester/commons-digester/1.8/commons-digester-1.8.jar:/home/m2eserv/philippot/.m2/repository/commons-logging/commons-logging/1.0.4/commons-logging-1.0.4.jar:/home/m2eserv/philippot/.m2/repository/commons-validator/commons-validator/1.3.1/commons-validator-1.3.1.jar:/home/m2eserv/philippot/.m2/repository/oro/oro/2.0.8/oro-2.0.8.jar:/home/m2eserv/philippot/.m2/repository/org/junit/jupiter/junit-jupiter-api/5.3.2/junit-jupiter-api-5.3.2.jar:/home/m2eserv/philippot/.m2/repository/org/apiguardian/apiguardian-api/1.0.0/apiguardian-api-1.0.0.jar:/home/m2eserv/philippot/.m2/repository/org/opentest4j/opentest4j/1.1.1/opentest4j-1.1.1.jar:/home/m2eserv/philippot/.m2/repository/org/junit/platform/junit-platform-commons/1.3.2/junit-platform-commons-1.3.2.jar:/home/m2eserv/philippot/.m2/repository/org/junit/jupiter/junit-jupiter-engine/5.3.2/junit-jupiter-engine-5.3.2.jar:/home/m2eserv/philippot/.m2/repository/org/junit/platform/junit-platform-engine/1.3.2/junit-platform-engine-1.3.2.jar:/home/m2eserv/philippot/.m2/repository/org/mockito/mockito-core/2.23.4/mockito-core-2.23.4.jar:/home/m2eserv/philippot/.m2/repository/net/bytebuddy/byte-buddy/1.9.3/byte-buddy-1.9.3.jar:/home/m2eserv/philippot/.m2/repository/net/bytebuddy/byte-buddy-agent/1.9.3/byte-buddy-agent-1.9.3.jar:/home/m2eserv/philippot/.m2/repository/org/objenesis/objenesis/2.6/objenesis-2.6.jar:/home/m2eserv/philippot/.m2/repository/junit/junit/4.13/junit-4.13.jar:/home/m2eserv/philippot/.m2/repository/org/hamcrest/hamcrest-core/1.3/hamcrest-core-1.3.jar:"/>
    <property name="java.vm.vendor" value="Oracle Corporation"/>
    <property name="sun.arch.data.model" value="64"/>
    <property name="java.vendor.url" value="https://java.oracle.com/"/>
    <property name="os.name" value="Linux"/>
    <property name="java.vm.specification.version" value="14"/>
    <property name="sun.java.launcher" value="SUN_STANDARD"/>
    <property name="user.country" value="US"/>
    <property name="sun.boot.library.path" value="/local/philippot/jdk-14.0.2/lib"/>
    <property name="sun.java.command" value="/home/m2eserv/philippot/Desktop/IFI/tp-handcraft/target/surefire/surefirebooter18118686941751762354.jar /home/m2eserv/philippot/Desktop/IFI/tp-handcraft/target/surefire 2020-09-16T11-52-00_585-jvmRun1 surefire6910858336585007155tmp surefire_08966404836516931231tmp"/>
    <property name="jdk.debug" value="release"/>
    <property name="surefire.test.class.path" value="/home/m2eserv/philippot/Desktop/IFI/tp-handcraft/target/test-classes:/home/m2eserv/philippot/Desktop/IFI/tp-handcraft/target/classes:/home/m2eserv/philippot/.m2/repository/javax/servlet/javax.servlet-api/3.1.0/javax.servlet-api-3.1.0.jar:/home/m2eserv/philippot/.m2/repository/org/apache/struts/struts-tiles/1.3.8/struts-tiles-1.3.8.jar:/home/m2eserv/philippot/.m2/repository/org/apache/struts/struts-core/1.3.8/struts-core-1.3.8.jar:/home/m2eserv/philippot/.m2/repository/antlr/antlr/2.7.2/antlr-2.7.2.jar:/home/m2eserv/philippot/.m2/repository/commons-beanutils/commons-beanutils/1.7.0/commons-beanutils-1.7.0.jar:/home/m2eserv/philippot/.m2/repository/commons-chain/commons-chain/1.1/commons-chain-1.1.jar:/home/m2eserv/philippot/.m2/repository/commons-digester/commons-digester/1.8/commons-digester-1.8.jar:/home/m2eserv/philippot/.m2/repository/commons-logging/commons-logging/1.0.4/commons-logging-1.0.4.jar:/home/m2eserv/philippot/.m2/repository/commons-validator/commons-validator/1.3.1/commons-validator-1.3.1.jar:/home/m2eserv/philippot/.m2/repository/oro/oro/2.0.8/oro-2.0.8.jar:/home/m2eserv/philippot/.m2/repository/org/junit/jupiter/junit-jupiter-api/5.3.2/junit-jupiter-api-5.3.2.jar:/home/m2eserv/philippot/.m2/repository/org/apiguardian/apiguardian-api/1.0.0/apiguardian-api-1.0.0.jar:/home/m2eserv/philippot/.m2/repository/org/opentest4j/opentest4j/1.1.1/opentest4j-1.1.1.jar:/home/m2eserv/philippot/.m2/repository/org/junit/platform/junit-platform-commons/1.3.2/junit-platform-commons-1.3.2.jar:/home/m2eserv/philippot/.m2/repository/org/junit/jupiter/junit-jupiter-engine/5.3.2/junit-jupiter-engine-5.3.2.jar:/home/m2eserv/philippot/.m2/repository/org/junit/platform/junit-platform-engine/1.3.2/junit-platform-engine-1.3.2.jar:/home/m2eserv/philippot/.m2/repository/org/mockito/mockito-core/2.23.4/mockito-core-2.23.4.jar:/home/m2eserv/philippot/.m2/repository/net/bytebuddy/byte-buddy/1.9.3/byte-buddy-1.9.3.jar:/home/m2eserv/philippot/.m2/repository/net/bytebuddy/byte-buddy-agent/1.9.3/byte-buddy-agent-1.9.3.jar:/home/m2eserv/philippot/.m2/repository/org/objenesis/objenesis/2.6/objenesis-2.6.jar:/home/m2eserv/philippot/.m2/repository/junit/junit/4.13/junit-4.13.jar:/home/m2eserv/philippot/.m2/repository/org/hamcrest/hamcrest-core/1.3/hamcrest-core-1.3.jar:"/>
    <property name="sun.cpu.endian" value="little"/>
    <property name="user.home" value="/home/m2eserv/philippot"/>
    <property name="user.language" value="en"/>
    <property name="java.specification.vendor" value="Oracle Corporation"/>
    <property name="java.version.date" value="2020-07-14"/>
    <property name="java.home" value="/local/philippot/jdk-14.0.2"/>
    <property name="file.separator" value="/"/>
    <property name="basedir" value="/home/m2eserv/philippot/Desktop/IFI/tp-handcraft"/>
    <property name="java.vm.compressedOopsMode" value="Zero based"/>
    <property name="line.separator" value="&#10;"/>
    <property name="java.vm.specification.vendor" value="Oracle Corporation"/>
    <property name="java.specification.name" value="Java Platform API Specification"/>
    <property name="surefire.real.class.path" value="/home/m2eserv/philippot/Desktop/IFI/tp-handcraft/target/surefire/surefirebooter18118686941751762354.jar"/>
    <property name="sun.management.compiler" value="HotSpot 64-Bit Tiered Compilers"/>
    <property name="java.runtime.version" value="14.0.2+12-46"/>
    <property name="user.name" value="philippot"/>
    <property name="path.separator" value=":"/>
    <property name="os.version" value="5.4.0-47-generic"/>
    <property name="java.runtime.name" value="OpenJDK Runtime Environment"/>
    <property name="file.encoding" value="UTF-8"/>
    <property name="java.vm.name" value="OpenJDK 64-Bit Server VM"/>
    <property name="localRepository" value="/home/m2eserv/philippot/.m2/repository"/>
    <property name="java.vendor.url.bug" value="https://bugreport.java.com/bugreport/"/>
    <property name="java.io.tmpdir" value="/tmp"/>
    <property name="java.version" value="14.0.2"/>
    <property name="user.dir" value="/home/m2eserv/philippot/Desktop/IFI/tp-handcraft"/>
    <property name="os.arch" value="amd64"/>
    <property name="java.vm.specification.name" value="Java Virtual Machine Specification"/>
    <property name="java.library.path" value="/usr/java/packages/lib:/usr/lib64:/lib64:/lib:/usr/lib"/>
    <property name="java.vm.info" value="mixed mode, sharing"/>
    <property name="java.vendor" value="Oracle Corporation"/>
    <property name="java.vm.version" value="14.0.2+12-46"/>
    <property name="sun.io.unicode.encoding" value="UnicodeLittle"/>
    <property name="java.class.version" value="58.0"/>
  </properties>
  <testcase name="registerController_doesNotRegisters_nonAnnotatedMethods" classname="DispatcherServletTest" time="0.007"/>
  <testcase name="registerController_throwsIllegalArgumentException_forNonControllerClasses" classname="DispatcherServletTest" time="0.005">
    <failure message="Expected java.lang.IllegalArgumentException to be thrown, but nothing was thrown." type="org.opentest4j.AssertionFailedError">org.opentest4j.AssertionFailedError: Expected java.lang.IllegalArgumentException to be thrown, but nothing was thrown.
	at DispatcherServletTest.registerController_throwsIllegalArgumentException_forNonControllerClasses(DispatcherServletTest.java:15)
</failure>
    <system-out><![CDATA[Analysing class java.lang.String
]]></system-out>
  </testcase>
  <testcase name="registerController_doesNotRegisters_voidReturningMethods" classname="DispatcherServletTest" time="0.002"/>
  <testcase name="registerHelloController_shouldWorkCorrectly" classname="DispatcherServletTest" time="0.002">
    <error type="java.lang.NullPointerException">java.lang.NullPointerException
	at DispatcherServletTest.registerHelloController_shouldWorkCorrectly(DispatcherServletTest.java:57)
</error>
    <system-out><![CDATA[Analysing class HelloController
]]></system-out>
  </testcase>
  <testcase name="registerController_shouldRegisterCorrectyMethods" classname="DispatcherServletTest" time="0.003">
    <error type="java.lang.NullPointerException">java.lang.NullPointerException
	at DispatcherServletTest.registerController_shouldRegisterCorrectyMethods(DispatcherServletTest.java:47)
</error>
    <system-out><![CDATA[Analysing class SomeControllerClass
Analysing class SomeOtherControllerClass
]]></system-out>
  </testcase>
</testsuite>